<?xml version="1.0" encoding="UTF-8"?>
<testsuite xmlns:xsi="http://www.w3.org/2001/XMLSchema-instance" xsi:noNamespaceSchemaLocation="https://maven.apache.org/surefire/maven-surefire-plugin/xsd/surefire-test-report-3.0.xsd" version="3.0" name="TestSuite" time="73.473" tests="5" errors="0" skipped="0" failures="0">
  <properties>
    <property name="sun.desktop" value="windows"/>
    <property name="awt.toolkit" value="sun.awt.windows.WToolkit"/>
    <property name="file.encoding.pkg" value="sun.io"/>
    <property name="java.specification.version" value="1.8"/>
    <property name="webdriver.chrome.driver" value="C:\Users\Shantanu\.m2\repository\webdriver\chromedriver\win32\84.0.4147.30\chromedriver.exe"/>
    <property name="sun.cpu.isalist" value="amd64"/>
    <property name="sun.jnu.encoding" value="Cp1252"/>
    <property name="java.class.path" value="C:\Users\Shantanu\eclipse-workspace\StackOverflowTest\target\test-classes;C:\Users\Shantanu\eclipse-workspace\StackOverflowTest\target\classes;C:\Users\Shantanu\.m2\repository\org\testng\testng\7.3.0\testng-7.3.0.jar;C:\Users\Shantanu\.m2\repository\com\beust\jcommander\1.78\jcommander-1.78.jar;C:\Users\Shantanu\.m2\repository\org\apache\ant\ant\1.10.3\ant-1.10.3.jar;C:\Users\Shantanu\.m2\repository\org\apache\ant\ant-launcher\1.10.3\ant-launcher-1.10.3.jar;C:\Users\Shantanu\.m2\repository\junit\junit\4.12\junit-4.12.jar;C:\Users\Shantanu\.m2\repository\org\hamcrest\hamcrest-core\1.3\hamcrest-core-1.3.jar;C:\Users\Shantanu\.m2\repository\com\google\inject\guice\4.2.2\guice-4.2.2-no_aop.jar;C:\Users\Shantanu\.m2\repository\javax\inject\javax.inject\1\javax.inject-1.jar;C:\Users\Shantanu\.m2\repository\aopalliance\aopalliance\1.0\aopalliance-1.0.jar;C:\Users\Shantanu\.m2\repository\org\yaml\snakeyaml\1.21\snakeyaml-1.21.jar;C:\Users\Shantanu\.m2\repository\org\seleniumhq\selenium\selenium-java\3.141.59\selenium-java-3.141.59.jar;C:\Users\Shantanu\.m2\repository\org\seleniumhq\selenium\selenium-api\3.141.59\selenium-api-3.141.59.jar;C:\Users\Shantanu\.m2\repository\org\seleniumhq\selenium\selenium-edge-driver\3.141.59\selenium-edge-driver-3.141.59.jar;C:\Users\Shantanu\.m2\repository\org\seleniumhq\selenium\selenium-firefox-driver\3.141.59\selenium-firefox-driver-3.141.59.jar;C:\Users\Shantanu\.m2\repository\org\seleniumhq\selenium\selenium-ie-driver\3.141.59\selenium-ie-driver-3.141.59.jar;C:\Users\Shantanu\.m2\repository\org\seleniumhq\selenium\selenium-opera-driver\3.141.59\selenium-opera-driver-3.141.59.jar;C:\Users\Shantanu\.m2\repository\org\seleniumhq\selenium\selenium-remote-driver\3.141.59\selenium-remote-driver-3.141.59.jar;C:\Users\Shantanu\.m2\repository\org\seleniumhq\selenium\selenium-safari-driver\3.141.59\selenium-safari-driver-3.141.59.jar;C:\Users\Shantanu\.m2\repository\org\seleniumhq\selenium\selenium-support\3.141.59\selenium-support-3.141.59.jar;C:\Users\Shantanu\.m2\repository\net\bytebuddy\byte-buddy\1.8.15\byte-buddy-1.8.15.jar;C:\Users\Shantanu\.m2\repository\org\apache\commons\commons-exec\1.3\commons-exec-1.3.jar;C:\Users\Shantanu\.m2\repository\com\google\guava\guava\25.0-jre\guava-25.0-jre.jar;C:\Users\Shantanu\.m2\repository\com\google\code\findbugs\jsr305\1.3.9\jsr305-1.3.9.jar;C:\Users\Shantanu\.m2\repository\org\checkerframework\checker-compat-qual\2.0.0\checker-compat-qual-2.0.0.jar;C:\Users\Shantanu\.m2\repository\com\google\errorprone\error_prone_annotations\2.1.3\error_prone_annotations-2.1.3.jar;C:\Users\Shantanu\.m2\repository\com\google\j2objc\j2objc-annotations\1.1\j2objc-annotations-1.1.jar;C:\Users\Shantanu\.m2\repository\org\codehaus\mojo\animal-sniffer-annotations\1.14\animal-sniffer-annotations-1.14.jar;C:\Users\Shantanu\.m2\repository\com\squareup\okhttp3\okhttp\3.11.0\okhttp-3.11.0.jar;C:\Users\Shantanu\.m2\repository\com\squareup\okio\okio\1.14.0\okio-1.14.0.jar;C:\Users\Shantanu\.m2\repository\org\seleniumhq\selenium\selenium-chrome-driver\3.141.59\selenium-chrome-driver-3.141.59.jar;C:\Users\Shantanu\.m2\repository\io\github\bonigarcia\webdrivermanager\3.8.1\webdrivermanager-3.8.1.jar;C:\Users\Shantanu\.m2\repository\org\slf4j\slf4j-api\1.7.25\slf4j-api-1.7.25.jar;C:\Users\Shantanu\.m2\repository\commons-io\commons-io\2.6\commons-io-2.6.jar;C:\Users\Shantanu\.m2\repository\com\google\code\gson\gson\2.8.5\gson-2.8.5.jar;C:\Users\Shantanu\.m2\repository\org\apache\commons\commons-lang3\3.8.1\commons-lang3-3.8.1.jar;C:\Users\Shantanu\.m2\repository\org\apache\httpcomponents\httpclient\4.5.6\httpclient-4.5.6.jar;C:\Users\Shantanu\.m2\repository\org\apache\httpcomponents\httpcore\4.4.10\httpcore-4.4.10.jar;C:\Users\Shantanu\.m2\repository\commons-logging\commons-logging\1.2\commons-logging-1.2.jar;C:\Users\Shantanu\.m2\repository\commons-codec\commons-codec\1.10\commons-codec-1.10.jar;C:\Users\Shantanu\.m2\repository\org\rauschig\jarchivelib\1.0.0\jarchivelib-1.0.0.jar;C:\Users\Shantanu\.m2\repository\org\apache\commons\commons-compress\1.18\commons-compress-1.18.jar;C:\Users\Shantanu\.m2\repository\org\jsoup\jsoup\1.11.3\jsoup-1.11.3.jar;C:\Users\Shantanu\.m2\repository\com\relevantcodes\extentreports\2.41.2\extentreports-2.41.2.jar;C:\Users\Shantanu\.m2\repository\org\xerial\sqlite-jdbc\3.8.11.1\sqlite-jdbc-3.8.11.1.jar;C:\Users\Shantanu\.m2\repository\org\freemarker\freemarker\2.3.23\freemarker-2.3.23.jar;C:\Users\Shantanu\.m2\repository\org\mongodb\mongodb-driver\3.0.4\mongodb-driver-3.0.4.jar;C:\Users\Shantanu\.m2\repository\org\mongodb\bson\3.0.4\bson-3.0.4.jar;C:\Users\Shantanu\.m2\repository\org\mongodb\mongodb-driver-core\3.0.4\mongodb-driver-core-3.0.4.jar;"/>
    <property name="java.vm.vendor" value="Oracle Corporation"/>
    <property name="sun.arch.data.model" value="64"/>
    <property name="user.variant" value=""/>
    <property name="java.vendor.url" value="http://java.oracle.com/"/>
    <property name="user.timezone" value="Asia/Calcutta"/>
    <property name="java.vm.specification.version" value="1.8"/>
    <property name="os.name" value="Windows 10"/>
    <property name="user.country" value="IN"/>
    <property name="sun.java.launcher" value="SUN_STANDARD"/>
    <property name="sun.boot.library.path" value="C:\Program Files\Java\jdk1.8.0_251\jre\bin"/>
    <property name="sun.java.command" value="C:\Users\Shantanu\AppData\Local\Temp\surefire7897873310626010825\surefirebooter7756039152006553192.jar C:\Users\Shantanu\AppData\Local\Temp\surefire7897873310626010825 2020-08-09T16-28-39_901-jvmRun1 surefire2498069356526707227tmp surefire_01366596372784049471tmp"/>
    <property name="surefire.test.class.path" value="C:\Users\Shantanu\eclipse-workspace\StackOverflowTest\target\test-classes;C:\Users\Shantanu\eclipse-workspace\StackOverflowTest\target\classes;C:\Users\Shantanu\.m2\repository\org\testng\testng\7.3.0\testng-7.3.0.jar;C:\Users\Shantanu\.m2\repository\com\beust\jcommander\1.78\jcommander-1.78.jar;C:\Users\Shantanu\.m2\repository\org\apache\ant\ant\1.10.3\ant-1.10.3.jar;C:\Users\Shantanu\.m2\repository\org\apache\ant\ant-launcher\1.10.3\ant-launcher-1.10.3.jar;C:\Users\Shantanu\.m2\repository\junit\junit\4.12\junit-4.12.jar;C:\Users\Shantanu\.m2\repository\org\hamcrest\hamcrest-core\1.3\hamcrest-core-1.3.jar;C:\Users\Shantanu\.m2\repository\com\google\inject\guice\4.2.2\guice-4.2.2-no_aop.jar;C:\Users\Shantanu\.m2\repository\javax\inject\javax.inject\1\javax.inject-1.jar;C:\Users\Shantanu\.m2\repository\aopalliance\aopalliance\1.0\aopalliance-1.0.jar;C:\Users\Shantanu\.m2\repository\org\yaml\snakeyaml\1.21\snakeyaml-1.21.jar;C:\Users\Shantanu\.m2\repository\org\seleniumhq\selenium\selenium-java\3.141.59\selenium-java-3.141.59.jar;C:\Users\Shantanu\.m2\repository\org\seleniumhq\selenium\selenium-api\3.141.59\selenium-api-3.141.59.jar;C:\Users\Shantanu\.m2\repository\org\seleniumhq\selenium\selenium-edge-driver\3.141.59\selenium-edge-driver-3.141.59.jar;C:\Users\Shantanu\.m2\repository\org\seleniumhq\selenium\selenium-firefox-driver\3.141.59\selenium-firefox-driver-3.141.59.jar;C:\Users\Shantanu\.m2\repository\org\seleniumhq\selenium\selenium-ie-driver\3.141.59\selenium-ie-driver-3.141.59.jar;C:\Users\Shantanu\.m2\repository\org\seleniumhq\selenium\selenium-opera-driver\3.141.59\selenium-opera-driver-3.141.59.jar;C:\Users\Shantanu\.m2\repository\org\seleniumhq\selenium\selenium-remote-driver\3.141.59\selenium-remote-driver-3.141.59.jar;C:\Users\Shantanu\.m2\repository\org\seleniumhq\selenium\selenium-safari-driver\3.141.59\selenium-safari-driver-3.141.59.jar;C:\Users\Shantanu\.m2\repository\org\seleniumhq\selenium\selenium-support\3.141.59\selenium-support-3.141.59.jar;C:\Users\Shantanu\.m2\repository\net\bytebuddy\byte-buddy\1.8.15\byte-buddy-1.8.15.jar;C:\Users\Shantanu\.m2\repository\org\apache\commons\commons-exec\1.3\commons-exec-1.3.jar;C:\Users\Shantanu\.m2\repository\com\google\guava\guava\25.0-jre\guava-25.0-jre.jar;C:\Users\Shantanu\.m2\repository\com\google\code\findbugs\jsr305\1.3.9\jsr305-1.3.9.jar;C:\Users\Shantanu\.m2\repository\org\checkerframework\checker-compat-qual\2.0.0\checker-compat-qual-2.0.0.jar;C:\Users\Shantanu\.m2\repository\com\google\errorprone\error_prone_annotations\2.1.3\error_prone_annotations-2.1.3.jar;C:\Users\Shantanu\.m2\repository\com\google\j2objc\j2objc-annotations\1.1\j2objc-annotations-1.1.jar;C:\Users\Shantanu\.m2\repository\org\codehaus\mojo\animal-sniffer-annotations\1.14\animal-sniffer-annotations-1.14.jar;C:\Users\Shantanu\.m2\repository\com\squareup\okhttp3\okhttp\3.11.0\okhttp-3.11.0.jar;C:\Users\Shantanu\.m2\repository\com\squareup\okio\okio\1.14.0\okio-1.14.0.jar;C:\Users\Shantanu\.m2\repository\org\seleniumhq\selenium\selenium-chrome-driver\3.141.59\selenium-chrome-driver-3.141.59.jar;C:\Users\Shantanu\.m2\repository\io\github\bonigarcia\webdrivermanager\3.8.1\webdrivermanager-3.8.1.jar;C:\Users\Shantanu\.m2\repository\org\slf4j\slf4j-api\1.7.25\slf4j-api-1.7.25.jar;C:\Users\Shantanu\.m2\repository\commons-io\commons-io\2.6\commons-io-2.6.jar;C:\Users\Shantanu\.m2\repository\com\google\code\gson\gson\2.8.5\gson-2.8.5.jar;C:\Users\Shantanu\.m2\repository\org\apache\commons\commons-lang3\3.8.1\commons-lang3-3.8.1.jar;C:\Users\Shantanu\.m2\repository\org\apache\httpcomponents\httpclient\4.5.6\httpclient-4.5.6.jar;C:\Users\Shantanu\.m2\repository\org\apache\httpcomponents\httpcore\4.4.10\httpcore-4.4.10.jar;C:\Users\Shantanu\.m2\repository\commons-logging\commons-logging\1.2\commons-logging-1.2.jar;C:\Users\Shantanu\.m2\repository\commons-codec\commons-codec\1.10\commons-codec-1.10.jar;C:\Users\Shantanu\.m2\repository\org\rauschig\jarchivelib\1.0.0\jarchivelib-1.0.0.jar;C:\Users\Shantanu\.m2\repository\org\apache\commons\commons-compress\1.18\commons-compress-1.18.jar;C:\Users\Shantanu\.m2\repository\org\jsoup\jsoup\1.11.3\jsoup-1.11.3.jar;C:\Users\Shantanu\.m2\repository\com\relevantcodes\extentreports\2.41.2\extentreports-2.41.2.jar;C:\Users\Shantanu\.m2\repository\org\xerial\sqlite-jdbc\3.8.11.1\sqlite-jdbc-3.8.11.1.jar;C:\Users\Shantanu\.m2\repository\org\freemarker\freemarker\2.3.23\freemarker-2.3.23.jar;C:\Users\Shantanu\.m2\repository\org\mongodb\mongodb-driver\3.0.4\mongodb-driver-3.0.4.jar;C:\Users\Shantanu\.m2\repository\org\mongodb\bson\3.0.4\bson-3.0.4.jar;C:\Users\Shantanu\.m2\repository\org\mongodb\mongodb-driver-core\3.0.4\mongodb-driver-core-3.0.4.jar;"/>
    <property name="sun.cpu.endian" value="little"/>
    <property name="user.home" value="C:\Users\Shantanu"/>
    <property name="user.language" value="en"/>
    <property name="java.specification.vendor" value="Oracle Corporation"/>
    <property name="java.home" value="C:\Program Files\Java\jdk1.8.0_251\jre"/>
    <property name="basedir" value="C:\Users\Shantanu\eclipse-workspace\StackOverflowTest"/>
    <property name="file.separator" value="\"/>
    <property name="line.separator" value="&#10;"/>
    <property name="java.vm.specification.vendor" value="Oracle Corporation"/>
    <property name="java.specification.name" value="Java Platform API Specification"/>
    <property name="java.awt.graphicsenv" value="sun.awt.Win32GraphicsEnvironment"/>
    <property name="surefire.real.class.path" value="C:\Users\Shantanu\AppData\Local\Temp\surefire7897873310626010825\surefirebooter7756039152006553192.jar"/>
    <property name="sun.boot.class.path" value="C:\Program Files\Java\jdk1.8.0_251\jre\lib\resources.jar;C:\Program Files\Java\jdk1.8.0_251\jre\lib\rt.jar;C:\Program Files\Java\jdk1.8.0_251\jre\lib\sunrsasign.jar;C:\Program Files\Java\jdk1.8.0_251\jre\lib\jsse.jar;C:\Program Files\Java\jdk1.8.0_251\jre\lib\jce.jar;C:\Program Files\Java\jdk1.8.0_251\jre\lib\charsets.jar;C:\Program Files\Java\jdk1.8.0_251\jre\lib\jfr.jar;C:\Program Files\Java\jdk1.8.0_251\jre\classes"/>
    <property name="user.script" value=""/>
    <property name="sun.management.compiler" value="HotSpot 64-Bit Tiered Compilers"/>
    <property name="java.runtime.version" value="1.8.0_251-b08"/>
    <property name="user.name" value="Shantanu"/>
    <property name="path.separator" value=";"/>
    <property name="os.version" value="10.0"/>
    <property name="java.endorsed.dirs" value="C:\Program Files\Java\jdk1.8.0_251\jre\lib\endorsed"/>
    <property name="java.runtime.name" value="Java(TM) SE Runtime Environment"/>
    <property name="file.encoding" value="Cp1252"/>
    <property name="java.vm.name" value="Java HotSpot(TM) 64-Bit Server VM"/>
    <property name="localRepository" value="C:\Users\Shantanu\.m2\repository"/>
    <property name="java.vendor.url.bug" value="http://bugreport.sun.com/bugreport/"/>
    <property name="java.io.tmpdir" value="C:\Users\Shantanu\AppData\Local\Temp\"/>
    <property name="java.version" value="1.8.0_251"/>
    <property name="user.dir" value="C:\Users\Shantanu\eclipse-workspace\StackOverflowTest"/>
    <property name="os.arch" value="amd64"/>
    <property name="java.vm.specification.name" value="Java Virtual Machine Specification"/>
    <property name="java.awt.printerjob" value="sun.awt.windows.WPrinterJob"/>
    <property name="sun.os.patch.level" value=""/>
    <property name="java.library.path" value="C:\Program Files\Java\jdk1.8.0_251\jre\bin;C:\windows\Sun\Java\bin;C:\windows\system32;C:\windows;C:/Program Files/Java/jre1.8.0_261/bin/server;C:/Program Files/Java/jre1.8.0_261/bin;C:/Program Files/Java/jre1.8.0_261/lib/amd64;C:\Program Files (x86)\Common Files\Oracle\Java\javapath;C:\windows\system32;C:\windows;C:\windows\System32\Wbem;C:\windows\System32\WindowsPowerShell\v1.0\;C:\windows\System32\OpenSSH\;C:\Program Files\Git\cmd;C:\Program Files\Java\jre1.8.0_261\bin;C:\Users\Shantanu\AppData\Local\Microsoft\WindowsApps;;C:\windows\System32;;."/>
    <property name="java.vm.info" value="mixed mode"/>
    <property name="java.vendor" value="Oracle Corporation"/>
    <property name="java.vm.version" value="25.251-b08"/>
    <property name="java.ext.dirs" value="C:\Program Files\Java\jdk1.8.0_251\jre\lib\ext;C:\windows\Sun\Java\lib\ext"/>
    <property name="sun.io.unicode.encoding" value="UnicodeLittle"/>
    <property name="java.class.version" value="52.0"/>
  </properties>
  <testcase name="CheckNavigationToBrowseQuestion" classname="com.stackOverflow.qa.testcases.StackOverFlowPageTest" time="4.536">
    <system-out><![CDATA[Before navigating to: 'https://stackoverflow.com/'
Navigated to:'https://stackoverflow.com/'
Trying to find Element By : By.xpath: //*[@id='js-gdpr-consent-banner']/div/div[2]/a
Found Element By : By.xpath: //*[@id='js-gdpr-consent-banner']/div/div[2]/a
Trying to find Element By : By.id: for-developers
Found Element By : By.id: for-developers
Trying to find Element By : By.xpath: //*[@id="for-developers"]/div[2]/div[1]/a
Found Element By : By.xpath: //*[@id="for-developers"]/div[2]/div[1]/a
Trying to click on: [[ChromeDriver: chrome on WINDOWS (359b6ad2a852b317b732f5719fda2b32)] -> xpath: //*[@id='js-gdpr-consent-banner']/div/div[2]/a]
Clicked on: [[ChromeDriver: chrome on WINDOWS (359b6ad2a852b317b732f5719fda2b32)] -> xpath: //*[@id='js-gdpr-consent-banner']/div/div[2]/a]
Trying to find Element By : By.id: nav-tags
Found Element By : By.id: nav-tags
Newest Questions - Stack Overflow
]]></system-out>
    <system-err><![CDATA[SLF4J: Failed to load class "org.slf4j.impl.StaticLoggerBinder".
SLF4J: Defaulting to no-operation (NOP) logger implementation
SLF4J: See http://www.slf4j.org/codes.html#StaticLoggerBinder for further details.
Starting ChromeDriver 84.0.4147.30 (48b3e868b4cc0aa7e8149519690b6f6949e110a8-refs/branch-heads/4147@{#310}) on port 46271
Only local connections are allowed.
Please see https://chromedriver.chromium.org/security-considerations for suggestions on keeping ChromeDriver safe.
ChromeDriver was started successfully.
Aug 09, 2020 4:28:44 PM org.openqa.selenium.remote.ProtocolHandshake createSession
INFO: Detected dialect: W3C
]]></system-err>
  </testcase>
  <testcase name="StackOverflowPageTitleTest" classname="com.stackOverflow.qa.testcases.StackOverFlowPageTest" time="0">
    <system-out><![CDATA[Before navigating to: 'https://stackoverflow.com/'
Navigated to:'https://stackoverflow.com/'
Trying to find Element By : By.xpath: //*[@id='js-gdpr-consent-banner']/div/div[2]/a
Found Element By : By.xpath: //*[@id='js-gdpr-consent-banner']/div/div[2]/a
Trying to find Element By : By.id: for-developers
Found Element By : By.id: for-developers
Trying to find Element By : By.xpath: //*[@id="for-developers"]/div[2]/div[1]/a
Found Element By : By.xpath: //*[@id="for-developers"]/div[2]/div[1]/a
]]></system-out>
    <system-err><![CDATA[Starting ChromeDriver 84.0.4147.30 (48b3e868b4cc0aa7e8149519690b6f6949e110a8-refs/branch-heads/4147@{#310}) on port 2328
Only local connections are allowed.
Please see https://chromedriver.chromium.org/security-considerations for suggestions on keeping ChromeDriver safe.
ChromeDriver was started successfully.
Aug 09, 2020 4:28:57 PM org.openqa.selenium.remote.ProtocolHandshake createSession
INFO: Detected dialect: W3C
]]></system-err>
  </testcase>
  <testcase name="checkNavigationToTags" classname="com.stackOverflow.qa.testcases.QuestionsPageTest" time="0.906">
    <system-out><![CDATA[Before navigating to: 'https://stackoverflow.com/'
Navigated to:'https://stackoverflow.com/'
Trying to find Element By : By.xpath: //*[@id='js-gdpr-consent-banner']/div/div[2]/a
Found Element By : By.xpath: //*[@id='js-gdpr-consent-banner']/div/div[2]/a
Trying to find Element By : By.id: for-developers
Found Element By : By.id: for-developers
Trying to find Element By : By.xpath: //*[@id="for-developers"]/div[2]/div[1]/a
Found Element By : By.xpath: //*[@id="for-developers"]/div[2]/div[1]/a
Trying to click on: [[ChromeDriver: chrome on WINDOWS (9d72e4d1b292d60d1f78c4b7ca206f9c)] -> xpath: //*[@id='js-gdpr-consent-banner']/div/div[2]/a]
Clicked on: [[ChromeDriver: chrome on WINDOWS (9d72e4d1b292d60d1f78c4b7ca206f9c)] -> xpath: //*[@id='js-gdpr-consent-banner']/div/div[2]/a]
Trying to find Element By : By.id: nav-tags
Found Element By : By.id: nav-tags
Trying to click on: [[ChromeDriver: chrome on WINDOWS (9d72e4d1b292d60d1f78c4b7ca206f9c)] -> id: nav-tags]
Clicked on: [[ChromeDriver: chrome on WINDOWS (9d72e4d1b292d60d1f78c4b7ca206f9c)] -> id: nav-tags]
Trying to find Element By : By.xpath: //a[@data-value='name']
Found Element By : By.xpath: //a[@data-value='name']
]]></system-out>
    <system-err><![CDATA[Starting ChromeDriver 84.0.4147.30 (48b3e868b4cc0aa7e8149519690b6f6949e110a8-refs/branch-heads/4147@{#310}) on port 20555
Only local connections are allowed.
Please see https://chromedriver.chromium.org/security-considerations for suggestions on keeping ChromeDriver safe.
ChromeDriver was started successfully.
Aug 09, 2020 4:29:07 PM org.openqa.selenium.remote.ProtocolHandshake createSession
INFO: Detected dialect: W3C
]]></system-err>
  </testcase>
  <testcase name="checkIftagsByNameSuccessful" classname="com.stackOverflow.qa.testcases.TagsPageTest" time="0.431">
    <system-out><![CDATA[Before navigating to: 'https://stackoverflow.com/'
Navigated to:'https://stackoverflow.com/'
Trying to find Element By : By.xpath: //*[@id='js-gdpr-consent-banner']/div/div[2]/a
Found Element By : By.xpath: //*[@id='js-gdpr-consent-banner']/div/div[2]/a
Trying to find Element By : By.id: for-developers
Found Element By : By.id: for-developers
Trying to find Element By : By.xpath: //*[@id="for-developers"]/div[2]/div[1]/a
Found Element By : By.xpath: //*[@id="for-developers"]/div[2]/div[1]/a
Trying to click on: [[ChromeDriver: chrome on WINDOWS (7bb594e890bf98bf61d0e8e6cd43a4fd)] -> xpath: //*[@id='js-gdpr-consent-banner']/div/div[2]/a]
Clicked on: [[ChromeDriver: chrome on WINDOWS (7bb594e890bf98bf61d0e8e6cd43a4fd)] -> xpath: //*[@id='js-gdpr-consent-banner']/div/div[2]/a]
Trying to find Element By : By.id: nav-tags
Found Element By : By.id: nav-tags
Trying to click on: [[ChromeDriver: chrome on WINDOWS (7bb594e890bf98bf61d0e8e6cd43a4fd)] -> id: nav-tags]
Clicked on: [[ChromeDriver: chrome on WINDOWS (7bb594e890bf98bf61d0e8e6cd43a4fd)] -> id: nav-tags]
Trying to find Element By : By.xpath: //a[@data-value='name']
Found Element By : By.xpath: //a[@data-value='name']
Trying to click on: [[ChromeDriver: chrome on WINDOWS (7bb594e890bf98bf61d0e8e6cd43a4fd)] -> xpath: //a[@data-value='name']]
Clicked on: [[ChromeDriver: chrome on WINDOWS (7bb594e890bf98bf61d0e8e6cd43a4fd)] -> xpath: //a[@data-value='name']]
Trying to find Element By : By.xpath: //div[@id='tags-browser']//div[1]//div[1]//div[1]
Found Element By : By.xpath: //div[@id='tags-browser']//div[1]//div[1]//div[1]
Trying to find Element By : By.xpath: //div[@id='tags-browser']//div[36]//div[1]//div[1]
Found Element By : By.xpath: //div[@id='tags-browser']//div[36]//div[1]//div[1]
]]></system-out>
    <system-err><![CDATA[Starting ChromeDriver 84.0.4147.30 (48b3e868b4cc0aa7e8149519690b6f6949e110a8-refs/branch-heads/4147@{#310}) on port 4477
Only local connections are allowed.
Please see https://chromedriver.chromium.org/security-considerations for suggestions on keeping ChromeDriver safe.
ChromeDriver was started successfully.
Aug 09, 2020 4:29:21 PM org.openqa.selenium.remote.ProtocolHandshake createSession
INFO: Detected dialect: W3C
]]></system-err>
  </testcase>
  <testcase name="getTagNameWithMaxQuestions" classname="com.stackOverflow.qa.testcases.TagsPageTest" time="3.965">
    <system-out><![CDATA[Before navigating to: 'https://stackoverflow.com/'
Navigated to:'https://stackoverflow.com/'
Trying to find Element By : By.xpath: //*[@id='js-gdpr-consent-banner']/div/div[2]/a
Found Element By : By.xpath: //*[@id='js-gdpr-consent-banner']/div/div[2]/a
Trying to find Element By : By.id: for-developers
Found Element By : By.id: for-developers
Trying to find Element By : By.xpath: //*[@id="for-developers"]/div[2]/div[1]/a
Found Element By : By.xpath: //*[@id="for-developers"]/div[2]/div[1]/a
Trying to click on: [[ChromeDriver: chrome on WINDOWS (6f04f633a15b8bdebdd5bf88f226ca84)] -> xpath: //*[@id='js-gdpr-consent-banner']/div/div[2]/a]
Clicked on: [[ChromeDriver: chrome on WINDOWS (6f04f633a15b8bdebdd5bf88f226ca84)] -> xpath: //*[@id='js-gdpr-consent-banner']/div/div[2]/a]
Trying to find Element By : By.id: nav-tags
Found Element By : By.id: nav-tags
Trying to click on: [[ChromeDriver: chrome on WINDOWS (6f04f633a15b8bdebdd5bf88f226ca84)] -> id: nav-tags]
Clicked on: [[ChromeDriver: chrome on WINDOWS (6f04f633a15b8bdebdd5bf88f226ca84)] -> id: nav-tags]
Trying to find Element By : By.xpath: //a[@data-value='name']
Found Element By : By.xpath: //a[@data-value='name']
Trying to click on: [[ChromeDriver: chrome on WINDOWS (6f04f633a15b8bdebdd5bf88f226ca84)] -> xpath: //a[@data-value='name']]
Clicked on: [[ChromeDriver: chrome on WINDOWS (6f04f633a15b8bdebdd5bf88f226ca84)] -> xpath: //a[@data-value='name']]
Trying to find Element By : By.xpath: //div[@id='tags-browser']//div[@class='s-card js-tag-cell grid fd-column']
Found Element By : By.xpath: //div[@id='tags-browser']//div[@class='s-card js-tag-cell grid fd-column']
Trying to find Element By : By.xpath: .//div[1]/div[1]
Found Element By : By.xpath: .//div[1]/div[1]
Trying to find Element By : By.xpath: .//div[@class='mt-auto grid jc-space-between fs-caption fc-black-300']//div[contains(text(),'question')]
Found Element By : By.xpath: .//div[@class='mt-auto grid jc-space-between fs-caption fc-black-300']//div[contains(text(),'question')]
Trying to find Element By : By.xpath: .//div[1]/div[1]
Found Element By : By.xpath: .//div[1]/div[1]
Trying to find Element By : By.xpath: .//div[@class='mt-auto grid jc-space-between fs-caption fc-black-300']//div[contains(text(),'question')]
Found Element By : By.xpath: .//div[@class='mt-auto grid jc-space-between fs-caption fc-black-300']//div[contains(text(),'question')]
Trying to find Element By : By.xpath: .//div[1]/div[1]
Found Element By : By.xpath: .//div[1]/div[1]
Trying to find Element By : By.xpath: .//div[@class='mt-auto grid jc-space-between fs-caption fc-black-300']//div[contains(text(),'question')]
Found Element By : By.xpath: .//div[@class='mt-auto grid jc-space-between fs-caption fc-black-300']//div[contains(text(),'question')]
Trying to find Element By : By.xpath: .//div[1]/div[1]
Found Element By : By.xpath: .//div[1]/div[1]
Trying to find Element By : By.xpath: .//div[@class='mt-auto grid jc-space-between fs-caption fc-black-300']//div[contains(text(),'question')]
Found Element By : By.xpath: .//div[@class='mt-auto grid jc-space-between fs-caption fc-black-300']//div[contains(text(),'question')]
Trying to find Element By : By.xpath: .//div[1]/div[1]
Found Element By : By.xpath: .//div[1]/div[1]
Trying to find Element By : By.xpath: .//div[@class='mt-auto grid jc-space-between fs-caption fc-black-300']//div[contains(text(),'question')]
Found Element By : By.xpath: .//div[@class='mt-auto grid jc-space-between fs-caption fc-black-300']//div[contains(text(),'question')]
Trying to find Element By : By.xpath: .//div[1]/div[1]
Found Element By : By.xpath: .//div[1]/div[1]
Trying to find Element By : By.xpath: .//div[@class='mt-auto grid jc-space-between fs-caption fc-black-300']//div[contains(text(),'question')]
Found Element By : By.xpath: .//div[@class='mt-auto grid jc-space-between fs-caption fc-black-300']//div[contains(text(),'question')]
Trying to find Element By : By.xpath: .//div[1]/div[1]
Found Element By : By.xpath: .//div[1]/div[1]
Trying to find Element By : By.xpath: .//div[@class='mt-auto grid jc-space-between fs-caption fc-black-300']//div[contains(text(),'question')]
Found Element By : By.xpath: .//div[@class='mt-auto grid jc-space-between fs-caption fc-black-300']//div[contains(text(),'question')]
Trying to find Element By : By.xpath: .//div[1]/div[1]
Found Element By : By.xpath: .//div[1]/div[1]
Trying to find Element By : By.xpath: .//div[@class='mt-auto grid jc-space-between fs-caption fc-black-300']//div[contains(text(),'question')]
Found Element By : By.xpath: .//div[@class='mt-auto grid jc-space-between fs-caption fc-black-300']//div[contains(text(),'question')]
Trying to find Element By : By.xpath: .//div[1]/div[1]
Found Element By : By.xpath: .//div[1]/div[1]
Trying to find Element By : By.xpath: .//div[@class='mt-auto grid jc-space-between fs-caption fc-black-300']//div[contains(text(),'question')]
Found Element By : By.xpath: .//div[@class='mt-auto grid jc-space-between fs-caption fc-black-300']//div[contains(text(),'question')]
Trying to find Element By : By.xpath: .//div[1]/div[1]
Found Element By : By.xpath: .//div[1]/div[1]
Trying to find Element By : By.xpath: .//div[@class='mt-auto grid jc-space-between fs-caption fc-black-300']//div[contains(text(),'question')]
Found Element By : By.xpath: .//div[@class='mt-auto grid jc-space-between fs-caption fc-black-300']//div[contains(text(),'question')]
Trying to find Element By : By.xpath: .//div[1]/div[1]
Found Element By : By.xpath: .//div[1]/div[1]
Trying to find Element By : By.xpath: .//div[@class='mt-auto grid jc-space-between fs-caption fc-black-300']//div[contains(text(),'question')]
Found Element By : By.xpath: .//div[@class='mt-auto grid jc-space-between fs-caption fc-black-300']//div[contains(text(),'question')]
Trying to find Element By : By.xpath: .//div[1]/div[1]
Found Element By : By.xpath: .//div[1]/div[1]
Trying to find Element By : By.xpath: .//div[@class='mt-auto grid jc-space-between fs-caption fc-black-300']//div[contains(text(),'question')]
Found Element By : By.xpath: .//div[@class='mt-auto grid jc-space-between fs-caption fc-black-300']//div[contains(text(),'question')]
Trying to find Element By : By.xpath: .//div[1]/div[1]
Found Element By : By.xpath: .//div[1]/div[1]
Trying to find Element By : By.xpath: .//div[@class='mt-auto grid jc-space-between fs-caption fc-black-300']//div[contains(text(),'question')]
Found Element By : By.xpath: .//div[@class='mt-auto grid jc-space-between fs-caption fc-black-300']//div[contains(text(),'question')]
Trying to find Element By : By.xpath: .//div[1]/div[1]
Found Element By : By.xpath: .//div[1]/div[1]
Trying to find Element By : By.xpath: .//div[@class='mt-auto grid jc-space-between fs-caption fc-black-300']//div[contains(text(),'question')]
Found Element By : By.xpath: .//div[@class='mt-auto grid jc-space-between fs-caption fc-black-300']//div[contains(text(),'question')]
Trying to find Element By : By.xpath: .//div[1]/div[1]
Found Element By : By.xpath: .//div[1]/div[1]
Trying to find Element By : By.xpath: .//div[@class='mt-auto grid jc-space-between fs-caption fc-black-300']//div[contains(text(),'question')]
Found Element By : By.xpath: .//div[@class='mt-auto grid jc-space-between fs-caption fc-black-300']//div[contains(text(),'question')]
Trying to find Element By : By.xpath: .//div[1]/div[1]
Found Element By : By.xpath: .//div[1]/div[1]
Trying to find Element By : By.xpath: .//div[@class='mt-auto grid jc-space-between fs-caption fc-black-300']//div[contains(text(),'question')]
Found Element By : By.xpath: .//div[@class='mt-auto grid jc-space-between fs-caption fc-black-300']//div[contains(text(),'question')]
Trying to find Element By : By.xpath: .//div[1]/div[1]
Found Element By : By.xpath: .//div[1]/div[1]
Trying to find Element By : By.xpath: .//div[@class='mt-auto grid jc-space-between fs-caption fc-black-300']//div[contains(text(),'question')]
Found Element By : By.xpath: .//div[@class='mt-auto grid jc-space-between fs-caption fc-black-300']//div[contains(text(),'question')]
Trying to find Element By : By.xpath: .//div[1]/div[1]
Found Element By : By.xpath: .//div[1]/div[1]
Trying to find Element By : By.xpath: .//div[@class='mt-auto grid jc-space-between fs-caption fc-black-300']//div[contains(text(),'question')]
Found Element By : By.xpath: .//div[@class='mt-auto grid jc-space-between fs-caption fc-black-300']//div[contains(text(),'question')]
Trying to find Element By : By.xpath: .//div[1]/div[1]
Found Element By : By.xpath: .//div[1]/div[1]
Trying to find Element By : By.xpath: .//div[@class='mt-auto grid jc-space-between fs-caption fc-black-300']//div[contains(text(),'question')]
Found Element By : By.xpath: .//div[@class='mt-auto grid jc-space-between fs-caption fc-black-300']//div[contains(text(),'question')]
Trying to find Element By : By.xpath: .//div[1]/div[1]
Found Element By : By.xpath: .//div[1]/div[1]
Trying to find Element By : By.xpath: .//div[@class='mt-auto grid jc-space-between fs-caption fc-black-300']//div[contains(text(),'question')]
Found Element By : By.xpath: .//div[@class='mt-auto grid jc-space-between fs-caption fc-black-300']//div[contains(text(),'question')]
Trying to find Element By : By.xpath: .//div[1]/div[1]
Found Element By : By.xpath: .//div[1]/div[1]
Trying to find Element By : By.xpath: .//div[@class='mt-auto grid jc-space-between fs-caption fc-black-300']//div[contains(text(),'question')]
Found Element By : By.xpath: .//div[@class='mt-auto grid jc-space-between fs-caption fc-black-300']//div[contains(text(),'question')]
Trying to find Element By : By.xpath: .//div[1]/div[1]
Found Element By : By.xpath: .//div[1]/div[1]
Trying to find Element By : By.xpath: .//div[@class='mt-auto grid jc-space-between fs-caption fc-black-300']//div[contains(text(),'question')]
Found Element By : By.xpath: .//div[@class='mt-auto grid jc-space-between fs-caption fc-black-300']//div[contains(text(),'question')]
Trying to find Element By : By.xpath: .//div[1]/div[1]
Found Element By : By.xpath: .//div[1]/div[1]
Trying to find Element By : By.xpath: .//div[@class='mt-auto grid jc-space-between fs-caption fc-black-300']//div[contains(text(),'question')]
Found Element By : By.xpath: .//div[@class='mt-auto grid jc-space-between fs-caption fc-black-300']//div[contains(text(),'question')]
Trying to find Element By : By.xpath: .//div[1]/div[1]
Found Element By : By.xpath: .//div[1]/div[1]
Trying to find Element By : By.xpath: .//div[@class='mt-auto grid jc-space-between fs-caption fc-black-300']//div[contains(text(),'question')]
Found Element By : By.xpath: .//div[@class='mt-auto grid jc-space-between fs-caption fc-black-300']//div[contains(text(),'question')]
Trying to find Element By : By.xpath: .//div[1]/div[1]
Found Element By : By.xpath: .//div[1]/div[1]
Trying to find Element By : By.xpath: .//div[@class='mt-auto grid jc-space-between fs-caption fc-black-300']//div[contains(text(),'question')]
Found Element By : By.xpath: .//div[@class='mt-auto grid jc-space-between fs-caption fc-black-300']//div[contains(text(),'question')]
Trying to find Element By : By.xpath: .//div[1]/div[1]
Found Element By : By.xpath: .//div[1]/div[1]
Trying to find Element By : By.xpath: .//div[@class='mt-auto grid jc-space-between fs-caption fc-black-300']//div[contains(text(),'question')]
Found Element By : By.xpath: .//div[@class='mt-auto grid jc-space-between fs-caption fc-black-300']//div[contains(text(),'question')]
Trying to find Element By : By.xpath: .//div[1]/div[1]
Found Element By : By.xpath: .//div[1]/div[1]
Trying to find Element By : By.xpath: .//div[@class='mt-auto grid jc-space-between fs-caption fc-black-300']//div[contains(text(),'question')]
Found Element By : By.xpath: .//div[@class='mt-auto grid jc-space-between fs-caption fc-black-300']//div[contains(text(),'question')]
Trying to find Element By : By.xpath: .//div[1]/div[1]
Found Element By : By.xpath: .//div[1]/div[1]
Trying to find Element By : By.xpath: .//div[@class='mt-auto grid jc-space-between fs-caption fc-black-300']//div[contains(text(),'question')]
Found Element By : By.xpath: .//div[@class='mt-auto grid jc-space-between fs-caption fc-black-300']//div[contains(text(),'question')]
Trying to find Element By : By.xpath: .//div[1]/div[1]
Found Element By : By.xpath: .//div[1]/div[1]
Trying to find Element By : By.xpath: .//div[@class='mt-auto grid jc-space-between fs-caption fc-black-300']//div[contains(text(),'question')]
Found Element By : By.xpath: .//div[@class='mt-auto grid jc-space-between fs-caption fc-black-300']//div[contains(text(),'question')]
Trying to find Element By : By.xpath: .//div[1]/div[1]
Found Element By : By.xpath: .//div[1]/div[1]
Trying to find Element By : By.xpath: .//div[@class='mt-auto grid jc-space-between fs-caption fc-black-300']//div[contains(text(),'question')]
Found Element By : By.xpath: .//div[@class='mt-auto grid jc-space-between fs-caption fc-black-300']//div[contains(text(),'question')]
Trying to find Element By : By.xpath: .//div[1]/div[1]
Found Element By : By.xpath: .//div[1]/div[1]
Trying to find Element By : By.xpath: .//div[@class='mt-auto grid jc-space-between fs-caption fc-black-300']//div[contains(text(),'question')]
Found Element By : By.xpath: .//div[@class='mt-auto grid jc-space-between fs-caption fc-black-300']//div[contains(text(),'question')]
Trying to find Element By : By.xpath: .//div[1]/div[1]
Found Element By : By.xpath: .//div[1]/div[1]
Trying to find Element By : By.xpath: .//div[@class='mt-auto grid jc-space-between fs-caption fc-black-300']//div[contains(text(),'question')]
Found Element By : By.xpath: .//div[@class='mt-auto grid jc-space-between fs-caption fc-black-300']//div[contains(text(),'question')]
Trying to find Element By : By.xpath: .//div[1]/div[1]
Found Element By : By.xpath: .//div[1]/div[1]
Trying to find Element By : By.xpath: .//div[@class='mt-auto grid jc-space-between fs-caption fc-black-300']//div[contains(text(),'question')]
Found Element By : By.xpath: .//div[@class='mt-auto grid jc-space-between fs-caption fc-black-300']//div[contains(text(),'question')]
Trying to find Element By : By.xpath: .//div[1]/div[1]
Found Element By : By.xpath: .//div[1]/div[1]
Trying to find Element By : By.xpath: .//div[@class='mt-auto grid jc-space-between fs-caption fc-black-300']//div[contains(text(),'question')]
Found Element By : By.xpath: .//div[@class='mt-auto grid jc-space-between fs-caption fc-black-300']//div[contains(text(),'question')]
Trying to find Element By : By.xpath: .//div[1]/div[1]
Found Element By : By.xpath: .//div[1]/div[1]
Trying to find Element By : By.xpath: .//div[@class='mt-auto grid jc-space-between fs-caption fc-black-300']//div[contains(text(),'question')]
Found Element By : By.xpath: .//div[@class='mt-auto grid jc-space-between fs-caption fc-black-300']//div[contains(text(),'question')]
Trying to find Element By : By.xpath: .//div[1]/div[1]
Found Element By : By.xpath: .//div[1]/div[1]
Trying to find Element By : By.xpath: .//div[@class='mt-auto grid jc-space-between fs-caption fc-black-300']//div[contains(text(),'question')]
Found Element By : By.xpath: .//div[@class='mt-auto grid jc-space-between fs-caption fc-black-300']//div[contains(text(),'question')]

Key with Maximum value : .htaccess
Maximum value : 68348

]]></system-out>
    <system-err><![CDATA[Starting ChromeDriver 84.0.4147.30 (48b3e868b4cc0aa7e8149519690b6f6949e110a8-refs/branch-heads/4147@{#310}) on port 46103
Only local connections are allowed.
Please see https://chromedriver.chromium.org/security-considerations for suggestions on keeping ChromeDriver safe.
ChromeDriver was started successfully.
Aug 09, 2020 4:29:37 PM org.openqa.selenium.remote.ProtocolHandshake createSession
INFO: Detected dialect: W3C
]]></system-err>
  </testcase>
</testsuite>