<?xml version="1.0" encoding="UTF-8"?>
<!-- Generated by org.testng.reporters.JUnitReportReporter -->
<testsuite skipped="0" hostname="LAPTOP-6BQO1PBJ" name="com.stackOverflow.qa.testcases.StackOverFlowPageTest" tests="2" failures="0" timestamp="2020-08-09T14:08:01 IST" time="20.360" errors="0">
  <testcase name="StackOverflowPageTitleTest" time="8.897" classname="com.stackOverflow.qa.testcases.StackOverFlowPageTest"/>
  <system-out/>
  <testcase name="CheckNavigationToBrowseQuestion" time="11.463" classname="com.stackOverflow.qa.testcases.StackOverFlowPageTest"/>
  <system-out/>
</testsuite> <!-- com.stackOverflow.qa.testcases.StackOverFlowPageTest -->
