<?xml version="1.0" encoding="UTF-8"?>
<!-- Generated by org.testng.reporters.JUnitReportReporter -->
<testsuite skipped="0" hostname="LAPTOP-6BQO1PBJ" name="com.stackOverflow.qa.testcases.TagsPageTest" tests="2" failures="0" timestamp="2020-08-09T15:16:52 IST" time="30.423" errors="0">
  <testcase name="checkIftagsByNameSuccessful" time="13.469" classname="com.stackOverflow.qa.testcases.TagsPageTest"/>
  <system-out/>
  <testcase name="getTagNameWithMaxQuestions" time="16.954" classname="com.stackOverflow.qa.testcases.TagsPageTest"/>
  <system-out/>
</testsuite> <!-- com.stackOverflow.qa.testcases.TagsPageTest -->
