<?xml version="1.0" encoding="UTF-8"?>
<!-- Generated by org.testng.reporters.JUnitReportReporter -->
<testsuite skipped="0" hostname="LAPTOP-6BQO1PBJ" name="com.stackOverflow.qa.testcases.StackOverFlowPageTest" tests="2" failures="0" timestamp="2020-08-09T16:29:54 IST" time="23.079" errors="0">
  <testcase name="CheckNavigationToBrowseQuestion" time="13.422" classname="com.stackOverflow.qa.testcases.StackOverFlowPageTest"/>
  <system-out/>
  <testcase name="StackOverflowPageTitleTest" time="9.657" classname="com.stackOverflow.qa.testcases.StackOverFlowPageTest"/>
  <system-out/>
</testsuite> <!-- com.stackOverflow.qa.testcases.StackOverFlowPageTest -->
