<?xml version="1.0" encoding="UTF-8"?>
<!-- Generated by org.testng.reporters.JUnitReportReporter -->
<testsuite skipped="0" hostname="LAPTOP-6BQO1PBJ" name="com.stackOverflow.qa.testcases.TagsPageTest" tests="2" failures="0" timestamp="2020-08-09T16:29:54 IST" time="35.412" errors="0">
  <testcase name="checkIftagsByNameSuccessful" time="16.170" classname="com.stackOverflow.qa.testcases.TagsPageTest"/>
  <system-out/>
  <testcase name="getTagNameWithMaxQuestions" time="19.242" classname="com.stackOverflow.qa.testcases.TagsPageTest"/>
  <system-out/>
</testsuite> <!-- com.stackOverflow.qa.testcases.TagsPageTest -->
