<?xml version="1.0" encoding="UTF-8"?>
<!-- Generated by org.testng.reporters.JUnitReportReporter -->
<testsuite skipped="0" hostname="LAPTOP-6BQO1PBJ" name="com.stackOverflow.qa.testcases.StackOverFlowPageTest" tests="2" failures="0" timestamp="2020-08-10T19:57:16 IST" time="27.661" errors="0">
  <testcase name="StackOverflowPageTitleTest" time="10.002" classname="com.stackOverflow.qa.testcases.StackOverFlowPageTest"/>
  <system-out/>
  <testcase name="CheckNavigationToBrowseQuestion" time="17.659" classname="com.stackOverflow.qa.testcases.StackOverFlowPageTest"/>
  <system-out/>
</testsuite> <!-- com.stackOverflow.qa.testcases.StackOverFlowPageTest -->
