<?xml version="1.0" encoding="UTF-8"?>
<!-- Generated by org.testng.reporters.JUnitReportReporter -->
<testsuite skipped="0" hostname="LAPTOP-6BQO1PBJ" name="com.stackOverflow.qa.testcases.QuestionsPageTest" tests="1" failures="0" timestamp="2020-08-09T16:29:54 IST" time="13.793" errors="0">
  <testcase name="checkNavigationToTags" time="13.793" classname="com.stackOverflow.qa.testcases.QuestionsPageTest"/>
  <system-out/>
</testsuite> <!-- com.stackOverflow.qa.testcases.QuestionsPageTest -->
